<?xml version="1.0" encoding="UTF-8"?>
<!-- Generated by org.testng.reporters.JUnitXMLReporter -->
<testsuite hostname="Asus-India" ignored="0" name="Test 2" tests="3" failures="1" timestamp="06 Jun 2018 12:33:27 GMT" time="0.235" errors="0">
  <testcase name="testOne" time="0.004" classname="com.facebook.features.ExtentReportTest"/>
  <testcase name="testThree" time="0.013" classname="com.facebook.features.ExtentReportTest"/>
  <testcase name="testTwo" time="0.004" classname="com.facebook.features.ExtentReportTest">
    <failure type="java.lang.AssertionError" message="expected [true] but found [false]">
      <![CDATA[java.lang.AssertionError: expected [true] but found [false]
at com.facebook.features.ExtentReportTest.testTwo(ExtentReportTest.java:103)
... Removed 29 stack frames]]>
    </failure>
  </testcase> <!-- testTwo -->
</testsuite> <!-- Test 2 -->
