<?xml version="1.0" encoding="UTF-8"?>
<testng-results skipped="0" failed="1" ignored="0" total="2" passed="1">
  <reporter-output>
  </reporter-output>
  <suite name="LoginPage" duration-ms="2250" started-at="2018-06-26T16:47:11Z" finished-at="2018-06-26T16:47:13Z">
    <groups>
    </groups>
    <test name="Login with a Valid UserName and Valid Password_1" duration-ms="1119" started-at="2018-06-26T16:47:11Z" finished-at="2018-06-26T16:47:12Z">
      <class name="com.oba.testcases.onBoardBookingTestCases">
        <test-method status="PASS" signature="setUp()[pri:0, instance:com.oba.testcases.onBoardBookingTestCases@eec5a4a]" name="setUp" is-config="true" duration-ms="15116" started-at="2018-06-26T16:46:55Z" finished-at="2018-06-26T16:47:11Z">
          <reporter-output>
          </reporter-output>
        </test-method> <!-- setUp -->
        <test-method status="PASS" signature="setupExtentReports()[pri:0, instance:com.oba.testcases.onBoardBookingTestCases@eec5a4a]" name="setupExtentReports" is-config="true" duration-ms="231" started-at="2018-06-26T16:47:11Z" finished-at="2018-06-26T16:47:11Z">
          <reporter-output>
          </reporter-output>
        </test-method> <!-- setupExtentReports -->
        <test-method status="FAIL" signature="loginWithValidUserName()[pri:0, instance:com.oba.testcases.onBoardBookingTestCases@eec5a4a]" name="loginWithValidUserName" duration-ms="63" started-at="2018-06-26T16:47:11Z" finished-at="2018-06-26T16:47:11Z">
          <exception class="org.openqa.selenium.NoSuchElementException">
            <message>
              <![CDATA[Unable to locate element: //iframe[1]
For documentation on this error, please visit: http://seleniumhq.org/exceptions/no_such_element.html
Build info: version: '3.12.0', revision: '7c6e0b3', time: '2018-05-08T14:04:26.12Z'
System info: host: 'ASUS-INDIA', ip: '192.168.2.102', os.name: 'Windows 10', os.arch: 'amd64', os.version: '10.0', java.version: '1.8.0_131'
Driver info: org.openqa.selenium.firefox.FirefoxDriver
Capabilities {acceptInsecureCerts: true, browserName: firefox, browserVersion: 60.0.2, javascriptEnabled: true, moz:accessibilityChecks: false, moz:headless: false, moz:processID: 4208, moz:profile: C:\Users\Asus\AppData\Local..., moz:useNonSpecCompliantPointerOrigin: false, moz:webdriverClick: true, pageLoadStrategy: normal, platform: XP, platformName: XP, platformVersion: 10.0, rotatable: false, timeouts: {implicit: 0, pageLoad: 300000, script: 30000}}
Session ID: e55b74ee-c19b-4a3f-8e7b-a59ffc909fca
*** Element info: {Using=xpath, value=//iframe[1]}]]>
            </message>
            <full-stacktrace>
              <![CDATA[org.openqa.selenium.NoSuchElementException: Unable to locate element: //iframe[1]
For documentation on this error, please visit: http://seleniumhq.org/exceptions/no_such_element.html
Build info: version: '3.12.0', revision: '7c6e0b3', time: '2018-05-08T14:04:26.12Z'
System info: host: 'ASUS-INDIA', ip: '192.168.2.102', os.name: 'Windows 10', os.arch: 'amd64', os.version: '10.0', java.version: '1.8.0_131'
Driver info: org.openqa.selenium.firefox.FirefoxDriver
Capabilities {acceptInsecureCerts: true, browserName: firefox, browserVersion: 60.0.2, javascriptEnabled: true, moz:accessibilityChecks: false, moz:headless: false, moz:processID: 4208, moz:profile: C:\Users\Asus\AppData\Local..., moz:useNonSpecCompliantPointerOrigin: false, moz:webdriverClick: true, pageLoadStrategy: normal, platform: XP, platformName: XP, platformVersion: 10.0, rotatable: false, timeouts: {implicit: 0, pageLoad: 300000, script: 30000}}
Session ID: e55b74ee-c19b-4a3f-8e7b-a59ffc909fca
*** Element info: {Using=xpath, value=//iframe[1]}
at sun.reflect.NativeConstructorAccessorImpl.newInstance0(Native Method)
at sun.reflect.NativeConstructorAccessorImpl.newInstance(Unknown Source)
at sun.reflect.DelegatingConstructorAccessorImpl.newInstance(Unknown Source)
at java.lang.reflect.Constructor.newInstance(Unknown Source)
at org.openqa.selenium.remote.http.W3CHttpResponseCodec.createException(W3CHttpResponseCodec.java:187)
at org.openqa.selenium.remote.http.W3CHttpResponseCodec.decode(W3CHttpResponseCodec.java:122)
at org.openqa.selenium.remote.http.W3CHttpResponseCodec.decode(W3CHttpResponseCodec.java:49)
at org.openqa.selenium.remote.HttpCommandExecutor.execute(HttpCommandExecutor.java:158)
at org.openqa.selenium.remote.service.DriverCommandExecutor.execute(DriverCommandExecutor.java:83)
at org.openqa.selenium.remote.RemoteWebDriver.execute(RemoteWebDriver.java:543)
at org.openqa.selenium.remote.RemoteWebDriver.findElement(RemoteWebDriver.java:317)
at org.openqa.selenium.remote.RemoteWebDriver.findElementByXPath(RemoteWebDriver.java:419)
at org.openqa.selenium.By$ByXPath.findElement(By.java:353)
at org.openqa.selenium.remote.RemoteWebDriver.findElement(RemoteWebDriver.java:309)
at com.oba.testbase.TestBase.loginToApp(TestBase.java:108)
at com.oba.testcases.onBoardBookingTestCases.loginWithValidUserName(onBoardBookingTestCases.java:72)
at sun.reflect.NativeMethodAccessorImpl.invoke0(Native Method)
at sun.reflect.NativeMethodAccessorImpl.invoke(Unknown Source)
at sun.reflect.DelegatingMethodAccessorImpl.invoke(Unknown Source)
at java.lang.reflect.Method.invoke(Unknown Source)
at org.testng.internal.MethodInvocationHelper.invokeMethod(MethodInvocationHelper.java:124)
at org.testng.internal.Invoker.invokeMethod(Invoker.java:580)
at org.testng.internal.Invoker.invokeTestMethod(Invoker.java:716)
at org.testng.internal.Invoker.invokeTestMethods(Invoker.java:988)
at org.testng.internal.TestMethodWorker.invokeTestMethods(TestMethodWorker.java:125)
at org.testng.internal.TestMethodWorker.run(TestMethodWorker.java:109)
at org.testng.TestRunner.privateRun(TestRunner.java:648)
at org.testng.TestRunner.run(TestRunner.java:505)
at org.testng.SuiteRunner.runTest(SuiteRunner.java:455)
at org.testng.SuiteRunner.access$000(SuiteRunner.java:40)
at org.testng.SuiteRunner$SuiteWorker.run(SuiteRunner.java:489)
at org.testng.internal.thread.ThreadUtil$1.call(ThreadUtil.java:52)
at java.util.concurrent.FutureTask.run(Unknown Source)
at java.util.concurrent.ThreadPoolExecutor.runWorker(Unknown Source)
at java.util.concurrent.ThreadPoolExecutor$Worker.run(Unknown Source)
at java.lang.Thread.run(Unknown Source)
]]>
            </full-stacktrace>
          </exception> <!-- org.openqa.selenium.NoSuchElementException -->
          <reporter-output>
          </reporter-output>
        </test-method> <!-- loginWithValidUserName -->
        <test-method status="PASS" signature="register(java.lang.reflect.Method)[pri:0, instance:com.oba.testcases.onBoardBookingTestCases@eec5a4a]" name="register" is-config="true" duration-ms="0" started-at="2018-06-26T16:47:11Z" finished-at="2018-06-26T16:47:11Z">
          <params>
            <param index="0">
              <value>
                <![CDATA[public void com.oba.testcases.onBoardBookingTestCases.loginWithValidUserName() throws java.lang.Exception]]>
              </value>
            </param>
          </params>
          <reporter-output>
          </reporter-output>
        </test-method> <!-- register -->
        <test-method status="PASS" signature="captureStatus(org.testng.ITestResult)[pri:0, instance:com.oba.testcases.onBoardBookingTestCases@eec5a4a]" name="captureStatus" is-config="true" duration-ms="163" started-at="2018-06-26T16:47:11Z" finished-at="2018-06-26T16:47:11Z">
          <params>
            <param index="0">
              <value>
                <![CDATA[[TestResult name=loginWithValidUserName status=FAILURE method=onBoardBookingTestCases.loginWithValidUserName()[pri:0, instance:com.oba.testcases.onBoardBookingTestCases@eec5a4a] output={null}]]]>
              </value>
            </param>
          </params>
          <reporter-output>
          </reporter-output>
        </test-method> <!-- captureStatus -->
        <test-method status="PASS" signature="cleanUp()[pri:0, instance:com.oba.testcases.onBoardBookingTestCases@eec5a4a]" name="cleanUp" is-config="true" duration-ms="633" started-at="2018-06-26T16:47:11Z" finished-at="2018-06-26T16:47:12Z">
          <reporter-output>
          </reporter-output>
        </test-method> <!-- cleanUp -->
        <test-method status="PASS" signature="afterSuite()[pri:0, instance:com.oba.testcases.onBoardBookingTestCases@eec5a4a]" name="afterSuite" is-config="true" duration-ms="0" started-at="2018-06-26T16:47:13Z" finished-at="2018-06-26T16:47:13Z">
          <reporter-output>
          </reporter-output>
        </test-method> <!-- afterSuite -->
        <test-method status="PASS" signature="tearDown()[pri:0, instance:com.oba.testcases.onBoardBookingTestCases@eec5a4a]" name="tearDown" is-config="true" duration-ms="7484" started-at="2018-06-26T16:47:13Z" depends-on-methods="com.oba.testcases.onBoardBookingTestCases.afterSuite" finished-at="2018-06-26T16:47:20Z">
          <reporter-output>
          </reporter-output>
        </test-method> <!-- tearDown -->
      </class> <!-- com.oba.testcases.onBoardBookingTestCases -->
    </test> <!-- Login with a Valid UserName and Valid Password_1 -->
    <test name="Login with a Valid UserName and Valid Password" duration-ms="2250" started-at="2018-06-26T16:47:11Z" finished-at="2018-06-26T16:47:13Z">
      <class name="com.oba.testcases.onBoardBookingTestCases">
        <test-method status="PASS" signature="setupExtentReports()[pri:0, instance:com.oba.testcases.onBoardBookingTestCases@2038ae61]" name="setupExtentReports" is-config="true" duration-ms="107" started-at="2018-06-26T16:47:11Z" finished-at="2018-06-26T16:47:11Z">
          <reporter-output>
          </reporter-output>
        </test-method> <!-- setupExtentReports -->
        <test-method status="PASS" signature="register(java.lang.reflect.Method)[pri:0, instance:com.oba.testcases.onBoardBookingTestCases@2038ae61]" name="register" is-config="true" duration-ms="16" started-at="2018-06-26T16:47:11Z" finished-at="2018-06-26T16:47:11Z">
          <params>
            <param index="0">
              <value>
                <![CDATA[public void com.oba.testcases.onBoardBookingTestCases.loginWithValidUserName() throws java.lang.Exception]]>
              </value>
            </param>
          </params>
          <reporter-output>
          </reporter-output>
        </test-method> <!-- register -->
        <test-method status="PASS" signature="loginWithValidUserName()[pri:0, instance:com.oba.testcases.onBoardBookingTestCases@2038ae61]" name="loginWithValidUserName" duration-ms="1911" started-at="2018-06-26T16:47:11Z" finished-at="2018-06-26T16:47:13Z">
          <reporter-output>
          </reporter-output>
        </test-method> <!-- loginWithValidUserName -->
        <test-method status="PASS" signature="cleanUp()[pri:0, instance:com.oba.testcases.onBoardBookingTestCases@2038ae61]" name="cleanUp" is-config="true" duration-ms="185" started-at="2018-06-26T16:47:13Z" finished-at="2018-06-26T16:47:13Z">
          <reporter-output>
          </reporter-output>
        </test-method> <!-- cleanUp -->
        <test-method status="PASS" signature="captureStatus(org.testng.ITestResult)[pri:0, instance:com.oba.testcases.onBoardBookingTestCases@2038ae61]" name="captureStatus" is-config="true" duration-ms="0" started-at="2018-06-26T16:47:13Z" finished-at="2018-06-26T16:47:13Z">
          <params>
            <param index="0">
              <value>
                <![CDATA[[TestResult name=loginWithValidUserName status=SUCCESS method=onBoardBookingTestCases.loginWithValidUserName()[pri:0, instance:com.oba.testcases.onBoardBookingTestCases@2038ae61] output={null}]]]>
              </value>
            </param>
          </params>
          <reporter-output>
          </reporter-output>
        </test-method> <!-- captureStatus -->
      </class> <!-- com.oba.testcases.onBoardBookingTestCases -->
    </test> <!-- Login with a Valid UserName and Valid Password -->
  </suite> <!-- LoginPage -->
</testng-results>
